Сборка начата 20.10.2015 18:08:09.
     1>Проект "C:\Users\ФЁДОР\Desktop\Антону\API_OOP_bankomat\API_OOP_bankomat\API_OOP_bankomat.vcxproj" в узле 2 (целевые объекты Build).
     1>ClCompile:
         C:\Program Files (x86)\Microsoft Visual Studio 12.0\VC\bin\CL.exe /c /ZI /nologo /W3 /WX- /Od /Oy- /D WIN32 /D _DEBUG /D _WINDOWS /D _MBCS /Gm /EHsc /RTC1 /MDd /GS /fp:precise /Zc:wchar_t /Zc:forScope /Yc"stdafx.h" /Fp"Debug\API_OOP_bankomat.pch" /Fo"Debug\\" /Fd"Debug\vc120.pdb" /Gd /TP /analyze- /errorReport:prompt stdafx.cpp
         stdafx.cpp
         C:\Program Files (x86)\Microsoft Visual Studio 12.0\VC\bin\CL.exe /c /ZI /nologo /W3 /WX- /Od /Oy- /D WIN32 /D _DEBUG /D _WINDOWS /D _MBCS /Gm /EHsc /RTC1 /MDd /GS /fp:precise /Zc:wchar_t /Zc:forScope /Yu"stdafx.h" /Fp"Debug\API_OOP_bankomat.pch" /Fo"Debug\\" /Fd"Debug\vc120.pdb" /Gd /TP /analyze- /errorReport:prompt API_OOP_bankomat.cpp Bancomat.cpp
         Bancomat.cpp
         API_OOP_bankomat.cpp
     1>c:\users\фёдор\desktop\антону\api_oop_bankomat\api_oop_bankomat\api_oop_bankomat.cpp(135): warning C4244: аргумент: преобразование "time_t" в "unsigned int", возможна потеря данных
     1>c:\users\фёдор\desktop\антону\api_oop_bankomat\api_oop_bankomat\api_oop_bankomat.cpp(148): warning C4996: 'itoa': The POSIX name for this item is deprecated. Instead, use the ISO C++ conformant name: _itoa. See online help for details.
                 c:\program files (x86)\microsoft visual studio 12.0\vc\include\stdlib.h(937): см. объявление "itoa"
     1>c:\users\фёдор\desktop\антону\api_oop_bankomat\api_oop_bankomat\api_oop_bankomat.cpp(150): warning C4996: 'itoa': The POSIX name for this item is deprecated. Instead, use the ISO C++ conformant name: _itoa. See online help for details.
                 c:\program files (x86)\microsoft visual studio 12.0\vc\include\stdlib.h(937): см. объявление "itoa"
         Создание кода...
       ResourceCompile:
         C:\Program Files (x86)\Windows Kits\8.1\bin\x86\rc.exe /l"0x0409" /nologo /fo"Debug\API_OOP_bankomat.res" API_OOP_bankomat.rc 
       Link:
         C:\Program Files (x86)\Microsoft Visual Studio 12.0\VC\bin\link.exe /ERRORREPORT:PROMPT /OUT:"C:\Users\ФЁДОР\Desktop\Антону\API_OOP_bankomat\Debug\API_OOP_bankomat.exe" /INCREMENTAL /NOLOGO kernel32.lib user32.lib gdi32.lib winspool.lib comdlg32.lib advapi32.lib shell32.lib ole32.lib oleaut32.lib uuid.lib odbc32.lib odbccp32.lib /MANIFEST /MANIFESTUAC:"level='asInvoker' uiAccess='false'" /manifest:embed /DEBUG /PDB:"C:\Users\ФЁДОР\Desktop\Антону\API_OOP_bankomat\Debug\API_OOP_bankomat.pdb" /SUBSYSTEM:WINDOWS /TLBID:1 /DYNAMICBASE /NXCOMPAT /IMPLIB:"C:\Users\ФЁДОР\Desktop\Антону\API_OOP_bankomat\Debug\API_OOP_bankomat.lib" /MACHINE:X86 Debug\API_OOP_bankomat.res
         Debug\API_OOP_bankomat.obj
         Debug\Bancomat.obj
         Debug\stdafx.obj
         API_OOP_bankomat.vcxproj -> C:\Users\ФЁДОР\Desktop\Антону\API_OOP_bankomat\Debug\API_OOP_bankomat.exe
     1>Сборка проекта "C:\Users\ФЁДОР\Desktop\Антону\API_OOP_bankomat\API_OOP_bankomat\API_OOP_bankomat.vcxproj" завершена (целевые объекты Build).

Сборка успешно завершена.

Затраченное время: 00:00:03.82
